Using device: cuda  |  dataset: dtc (dtc_training_interactions.csv)
Split proteins: train=2259 val=282 test=286
Raygun cache: 2997 / 2827 proteins embedded
Morgan cache: 164899 / 164831 SMILES successfully fingerprinted
Samples: train=191239 val=12108 test=11889
Epoch 1/10 - ConciseDTA avg loss: 1.8481 - ConciseAnchorBilinear avg loss: 0.8155
  Val ConciseDTA:    macro_CI=0.5778  macro_RMSE=1.4365  score=-0.8587
  Val ConciseAnchorBilinear: macro_CI=0.6053  macro_RMSE=1.2966  score=-0.6913
  [best] ConciseDTA score improved → saved concise_dta_best.pt
  [best] ConciseAnchorBilinear score improved → saved concise_anchor_best.pt
Epoch 2/10 - ConciseDTA avg loss: 1.0894 - ConciseAnchorBilinear avg loss: 0.4873
  Val ConciseDTA:    macro_CI=0.5855  macro_RMSE=1.3266  score=-0.7411
  Val ConciseAnchorBilinear: macro_CI=0.6124  macro_RMSE=1.2717  score=-0.6593
  [best] ConciseDTA score improved → saved concise_dta_best.pt
  [best] ConciseAnchorBilinear score improved → saved concise_anchor_best.pt
Epoch 3/10 - ConciseDTA avg loss: 1.0057 - ConciseAnchorBilinear avg loss: 0.3765
  Val ConciseDTA:    macro_CI=0.5741  macro_RMSE=1.3270  score=-0.7528
  Val ConciseAnchorBilinear: macro_CI=0.6191  macro_RMSE=1.2837  score=-0.6646
Epoch 4/10 - ConciseDTA avg loss: 0.9684 - ConciseAnchorBilinear avg loss: 0.3096
  Val ConciseDTA:    macro_CI=0.5944  macro_RMSE=1.3974  score=-0.8031
  Val ConciseAnchorBilinear: macro_CI=0.6067  macro_RMSE=1.3032  score=-0.6965
Epoch 5/10 - ConciseDTA avg loss: 0.8998 - ConciseAnchorBilinear avg loss: 0.2686
  Val ConciseDTA:    macro_CI=0.5703  macro_RMSE=1.3122  score=-0.7419
  Val ConciseAnchorBilinear: macro_CI=0.5924  macro_RMSE=1.3259  score=-0.7335
Epoch 6/10 - ConciseDTA avg loss: 0.8125 - ConciseAnchorBilinear avg loss: 0.2357
  Val ConciseDTA:    macro_CI=0.5819  macro_RMSE=1.3792  score=-0.7973
  Val ConciseAnchorBilinear: macro_CI=0.5991  macro_RMSE=1.3068  score=-0.7077
Epoch 7/10 - ConciseDTA avg loss: 0.7555 - ConciseAnchorBilinear avg loss: 0.2116
  Val ConciseDTA:    macro_CI=0.5557  macro_RMSE=1.3659  score=-0.8102
  Val ConciseAnchorBilinear: macro_CI=0.5884  macro_RMSE=1.3400  score=-0.7517
Epoch 8/10 - ConciseDTA avg loss: 0.7155 - ConciseAnchorBilinear avg loss: 0.1930
  Val ConciseDTA:    macro_CI=0.5757  macro_RMSE=1.2948  score=-0.7191
  Val ConciseAnchorBilinear: macro_CI=0.5909  macro_RMSE=1.3461  score=-0.7552
  [best] ConciseDTA score improved → saved concise_dta_best.pt
Epoch 9/10 - ConciseDTA avg loss: 0.6842 - ConciseAnchorBilinear avg loss: 0.1791
  Val ConciseDTA:    macro_CI=0.5779  macro_RMSE=1.3480  score=-0.7700
  Val ConciseAnchorBilinear: macro_CI=0.5781  macro_RMSE=1.3041  score=-0.7260
Epoch 10/10 - ConciseDTA avg loss: 0.6566 - ConciseAnchorBilinear avg loss: 0.1637
  Val ConciseDTA:    macro_CI=0.5721  macro_RMSE=1.3500  score=-0.7779
  Val ConciseAnchorBilinear: macro_CI=0.5823  macro_RMSE=1.3217  score=-0.7394
========================================================================
TEST SET (best checkpoints)
  ConciseDTA:    macro_CI=0.5919  macro_RMSE=1.3070  macro_AUROC=0.7787 (n=71)  score=-0.7151
  ConciseAnchorBilinear: macro_CI=0.5810  macro_RMSE=1.1992  macro_AUROC=0.7478 (n=71)  score=-0.6182
------------------------------------------------------------------------
Anchor-pKi quartile breakdown:
           bin |      n |  DTA RMSE  DTA CI |  Anc RMSE  Anc CI
         ≤7.69 |   2973 |    1.0529  0.6394 |    1.0770  0.6510
  (7.69, 8.30] |   2988 |    1.0056  0.6821 |    1.0650  0.6889
  (8.30, 9.00] |   3077 |    1.0304  0.7090 |    1.1326  0.6914
         >9.00 |   2851 |    1.1126  0.7364 |    1.1622  0.7245
========================================================================
Oracle test samples: 11017 (drugs with oracle anchor: 10529)
========================================================================
TEST SET — ORACLE ANCHORS (strongest test binder per drug, upper bound)
  ConciseDTA:    macro_CI=0.5797  macro_RMSE=1.3642  macro_AUROC=0.6491 (n=65)  score=-0.7845
  ConciseAnchorBilinear: macro_CI=0.5756  macro_RMSE=1.1834  macro_AUROC=0.7802 (n=65)  score=-0.6077
------------------------------------------------------------------------
Anchor-pKi quartile breakdown (oracle):
           bin |      n |  DTA RMSE  DTA CI |  Anc RMSE  Anc CI
         ≤7.20 |   2798 |    1.1902  0.6097 |    1.0589  0.6031
  (7.20, 7.74] |   2715 |    1.2071  0.5993 |    1.3035  0.6374
  (7.74, 8.40] |   2750 |    1.2908  0.5670 |    1.2612  0.6208
         >8.40 |   2754 |    1.5852  0.5492 |    1.2627  0.6346
========================================================================
