Using device: cuda  |  anchors from: dtc (dtc_training_interactions.csv)
Davis proteins: 442 total → 90 OOD vs dtc train (≤30% identity)
Davis drugs: 68 total → 60 with Tanimoto anchors (≥0.7 similarity)
Using cache found in /root/.cache/torch/hub/rohitsinghlab_raygun_main
Morgan cache: 164899 / 68 Davis SMILES fingerprinted
Davis-OOD evaluable samples: 5400
========================================================================
DAVIS-OOD (≤30% identity to dtc train, best checkpoints)
  ConciseDTA:    macro_CI=0.6327  macro_RMSE=0.7481  macro_AUROC=0.8446 (n=84)  score=-0.1154
  ConciseAnchorBilinear: macro_CI=0.6359  macro_RMSE=0.6590  macro_AUROC=0.8436 (n=84)  score=-0.0230
------------------------------------------------------------------------
Anchor-pKi quartile breakdown:
           bin |      n |  DTA RMSE  DTA CI |  Anc RMSE  Anc CI
         ≤8.54 |   1440 |    0.7077  0.5912 |    0.6921  0.5937
  (8.54, 8.96] |   1350 |    0.8333  0.6283 |    0.7513  0.6612
  (8.96, 9.31] |   1350 |    0.7016  0.6338 |    0.6191  0.6463
         >9.31 |   1260 |    0.9075  0.6855 |    0.7359  0.7154
========================================================================
Davis-OOD oracle samples: 5940 (drugs with oracle anchor: 66)
========================================================================
DAVIS-OOD — ORACLE ANCHORS (strongest Davis binder per drug, upper bound)
  ConciseDTA:    macro_CI=0.6299  macro_RMSE=0.7669  macro_AUROC=0.8313 (n=84)  score=-0.1371
  ConciseAnchorBilinear: macro_CI=0.6407  macro_RMSE=0.6210  macro_AUROC=0.9304 (n=84)  score=0.0198
------------------------------------------------------------------------
Anchor-pKi quartile breakdown (oracle):
           bin |      n |  DTA RMSE  DTA CI |  Anc RMSE  Anc CI
         ≤8.68 |   1714 |    0.5923  0.6012 |    0.5807  0.6146
  (8.68, 9.08] |   1258 |    0.9339  0.5999 |    0.6418  0.6559
  (9.08, 9.54] |   1528 |    0.8831  0.6637 |    0.7459  0.6876
         >9.54 |   1440 |    0.8152  0.6587 |    0.6881  0.6735
========================================================================
