Using device: cuda  |  dataset: bdb (bindingdb_interactions.csv)
Split proteins: train=2649 val=331 test=334
Using cache found in /root/.cache/torch/hub/rohitsinghlab_raygun_main
Raygun cache: 3826 / 3314 proteins embedded
Morgan cache: 420922 / 277349 SMILES successfully fingerprinted
Samples: train=211805 val=19516 test=7854
Epoch 1/10 - ConciseDTA avg loss: 2.2317 - ConciseAnchorBilinear avg loss: 1.0051
  Val ConciseDTA:    macro_CI=0.6144  macro_RMSE=1.1825  score=-0.5681
  Val ConciseAnchorBilinear: macro_CI=0.5998  macro_RMSE=1.2255  score=-0.6257
  [best] ConciseDTA score improved → saved concise_dta_best.pt
  [best] ConciseAnchorBilinear score improved → saved concise_anchor_best.pt
Epoch 2/10 - ConciseDTA avg loss: 1.3138 - ConciseAnchorBilinear avg loss: 0.5718
  Val ConciseDTA:    macro_CI=0.6161  macro_RMSE=1.2032  score=-0.5872
  Val ConciseAnchorBilinear: macro_CI=0.6061  macro_RMSE=1.2180  score=-0.6119
  [best] ConciseAnchorBilinear score improved → saved concise_anchor_best.pt
Epoch 3/10 - ConciseDTA avg loss: 1.2206 - ConciseAnchorBilinear avg loss: 0.4396
  Val ConciseDTA:    macro_CI=0.6172  macro_RMSE=1.2444  score=-0.6272
  Val ConciseAnchorBilinear: macro_CI=0.6075  macro_RMSE=1.2197  score=-0.6122
Epoch 4/10 - ConciseDTA avg loss: 1.1734 - ConciseAnchorBilinear avg loss: 0.3662
  Val ConciseDTA:    macro_CI=0.6335  macro_RMSE=1.2296  score=-0.5961
  Val ConciseAnchorBilinear: macro_CI=0.6033  macro_RMSE=1.2201  score=-0.6168
Epoch 5/10 - ConciseDTA avg loss: 1.1127 - ConciseAnchorBilinear avg loss: 0.3183
  Val ConciseDTA:    macro_CI=0.6297  macro_RMSE=1.2131  score=-0.5835
  Val ConciseAnchorBilinear: macro_CI=0.6080  macro_RMSE=1.2267  score=-0.6187
Epoch 6/10 - ConciseDTA avg loss: 0.9888 - ConciseAnchorBilinear avg loss: 0.2858
  Val ConciseDTA:    macro_CI=0.6152  macro_RMSE=1.2096  score=-0.5944
  Val ConciseAnchorBilinear: macro_CI=0.5921  macro_RMSE=1.2348  score=-0.6427
Epoch 7/10 - ConciseDTA avg loss: 0.8889 - ConciseAnchorBilinear avg loss: 0.2578
  Val ConciseDTA:    macro_CI=0.6214  macro_RMSE=1.2157  score=-0.5943
  Val ConciseAnchorBilinear: macro_CI=0.6204  macro_RMSE=1.2391  score=-0.6187
Epoch 8/10 - ConciseDTA avg loss: 0.8220 - ConciseAnchorBilinear avg loss: 0.2376
  Val ConciseDTA:    macro_CI=0.6242  macro_RMSE=1.2576  score=-0.6334
  Val ConciseAnchorBilinear: macro_CI=0.6033  macro_RMSE=1.2383  score=-0.6350
Epoch 9/10 - ConciseDTA avg loss: 0.7736 - ConciseAnchorBilinear avg loss: 0.2200
  Val ConciseDTA:    macro_CI=0.6121  macro_RMSE=1.2118  score=-0.5997
  Val ConciseAnchorBilinear: macro_CI=0.6111  macro_RMSE=1.2473  score=-0.6362
Epoch 10/10 - ConciseDTA avg loss: 0.7406 - ConciseAnchorBilinear avg loss: 0.2060
  Val ConciseDTA:    macro_CI=0.6185  macro_RMSE=1.2405  score=-0.6219
  Val ConciseAnchorBilinear: macro_CI=0.6133  macro_RMSE=1.2651  score=-0.6517
========================================================================
TEST SET (best checkpoints)
  ConciseDTA:    macro_CI=0.5872  macro_RMSE=1.3875  macro_AUROC=0.8210 (n=55)  score=-0.8003
  ConciseAnchorBilinear: macro_CI=0.5869  macro_RMSE=1.2972  macro_AUROC=0.8582 (n=55)  score=-0.7103
------------------------------------------------------------------------
Anchor-pKi quartile breakdown:
           bin |      n |  DTA RMSE  DTA CI |  Anc RMSE  Anc CI
         ≤7.77 |   1987 |    1.1624  0.6886 |    1.2102  0.6792
  (7.77, 8.40] |   1971 |    1.1397  0.6931 |    1.2535  0.6745
  (8.40, 9.08] |   1937 |    1.3656  0.7127 |    1.5630  0.6874
         >9.08 |   1959 |    1.5671  0.6929 |    1.8600  0.6580
========================================================================
Oracle test samples: 10798 (drugs with oracle anchor: 13410)
========================================================================
TEST SET — ORACLE ANCHORS (strongest test binder per drug, upper bound)
  ConciseDTA:    macro_CI=0.5595  macro_RMSE=1.3844  macro_AUROC=0.6781 (n=66)  score=-0.8249
  ConciseAnchorBilinear: macro_CI=0.5565  macro_RMSE=1.2594  macro_AUROC=0.7099 (n=66)  score=-0.7029
------------------------------------------------------------------------
Anchor-pKi quartile breakdown (oracle):
           bin |      n |  DTA RMSE  DTA CI |  Anc RMSE  Anc CI
         ≤7.12 |   2739 |    1.3207  0.5637 |    1.2762  0.4638
  (7.12, 7.60] |   2783 |    1.0949  0.6102 |    1.2817  0.6236
  (7.60, 8.10] |   2578 |    1.2797  0.6055 |    1.3241  0.6464
         >8.10 |   2698 |    1.5913  0.5902 |    1.4037  0.6640
========================================================================
